2023-02-27 16:52:54,816 DEBUG    root            Loaded Command Group: ['gcloud', 'version']
2023-02-27 16:52:54,819 DEBUG    root            Running [gcloud.version] with arguments: [--format: "json"]
2023-02-27 16:52:54,876 DEBUG    root            Chosen display Format:flattened[no-pad,separator=" "] json
2023-02-27 16:52:54,876 INFO     root            Display format: "flattened[no-pad,separator=" "] json"
2023-02-27 16:52:54,877 INFO     ___FILE_ONLY___ {
  "Google Cloud SDK": "417.0.0",
  "alpha": "2023.02.03",
  "app-engine-go": "1.9.72",
  "app-engine-java": "2.0.10",
  "app-engine-python": "1.9.101",
  "app-engine-python-extras": "1.9.97",
  "beta": "2023.02.03",
  "bigtable": "",
  "bq": "2.0.84",
  "bundled-python3-unix": "3.9.16",
  "cbt": "0.13.0",
  "cloud-datastore-emulator": "2.3.0",
  "cloud-run-proxy": "0.3.0",
  "core": "2023.02.03",
  "gcloud-crc32c": "1.0.0",
  "gke-gcloud-auth-plugin": "0.4.0",
  "gsutil": "5.19",
  "kpt": "1.0.0-beta.24",
  "local-extract": "1.5.7",
  "minikube": "1.29.0",
  "pubsub-emulator": "0.7.4",
  "skaffold": "2.1.0"
}
2023-02-27 16:52:54,877 INFO     ___FILE_ONLY___ 

